2022-10-23 15:15:07.909 INFO (MainThread) [homeassistant.setup] Setup of domain logger took 0.0 seconds
2022-10-23 15:15:07.912 INFO (MainThread) [homeassistant.bootstrap] Setting up frontend: {'frontend'}
2022-10-23 15:15:07.936 INFO (MainThread) [homeassistant.setup] Setting up device_automation
2022-10-23 15:15:07.937 INFO (MainThread) [homeassistant.setup] Setup of domain device_automation took 0.0 seconds
2022-10-23 15:15:07.981 INFO (MainThread) [homeassistant.setup] Setting up lovelace
2022-10-23 15:15:07.991 INFO (MainThread) [homeassistant.setup] Setting up http
2022-10-23 15:15:08.000 INFO (MainThread) [homeassistant.setup] Setup of domain lovelace took 0.0 seconds
2022-10-23 15:15:08.014 INFO (MainThread) [homeassistant.setup] Setup of domain http took 0.0 seconds
2022-10-23 15:15:08.020 INFO (MainThread) [homeassistant.setup] Setting up api
2022-10-23 15:15:08.024 INFO (MainThread) [homeassistant.setup] Setup of domain api took 0.0 seconds
2022-10-23 15:15:08.025 INFO (MainThread) [homeassistant.setup] Setting up auth
2022-10-23 15:15:08.027 INFO (MainThread) [homeassistant.setup] Setup of domain auth took 0.0 seconds
2022-10-23 15:15:08.029 INFO (MainThread) [homeassistant.setup] Setting up config
2022-10-23 15:15:08.038 INFO (MainThread) [homeassistant.setup] Setting up diagnostics
2022-10-23 15:15:08.045 INFO (MainThread) [homeassistant.setup] Setting up file_upload
2022-10-23 15:15:08.046 INFO (MainThread) [homeassistant.setup] Setup of domain file_upload took 0.0 seconds
2022-10-23 15:15:08.052 INFO (MainThread) [homeassistant.setup] Setting up repairs
2022-10-23 15:15:08.054 INFO (MainThread) [homeassistant.setup] Setup of domain repairs took 0.0 seconds
2022-10-23 15:15:08.055 INFO (MainThread) [homeassistant.setup] Setting up websocket_api
2022-10-23 15:15:08.057 INFO (MainThread) [homeassistant.setup] Setup of domain websocket_api took 0.0 seconds
2022-10-23 15:15:08.193 INFO (MainThread) [homeassistant.setup] Setup of domain config took 0.2 seconds
2022-10-23 15:15:08.196 INFO (MainThread) [homeassistant.setup] Setup of domain diagnostics took 0.2 seconds
2022-10-23 15:15:08.217 INFO (MainThread) [homeassistant.setup] Setting up search
2022-10-23 15:15:08.218 INFO (MainThread) [homeassistant.setup] Setup of domain search took 0.0 seconds
2022-10-23 15:15:08.925 INFO (MainThread) [homeassistant.setup] Setting up analytics
2022-10-23 15:15:08.937 WARNING (MainThread) [asyncio] Executing <Task pending name='Task-101' coro=<_async_setup_component() running at /workspaces/core-hass/homeassistant/setup.py:235> wait_for=<Task pending name='Task-169' coro=<Store._async_load() running at /workspaces/core-hass/homeassistant/helpers/storage.py:118> cb=[<TaskWakeupMethWrapper object at 0x7f77db34eb50>()] created at /workspaces/core-hass/homeassistant/core.py:505> cb=[<TaskWakeupMethWrapper object at 0x7f77ed1b4c10>()] created at /workspaces/core-hass/homeassistant/core.py:505> took 0.718 seconds
2022-10-23 15:15:08.966 INFO (MainThread) [homeassistant.setup] Setting up image
2022-10-23 15:15:08.974 INFO (MainThread) [homeassistant.setup] Setup of domain analytics took 0.0 seconds
2022-10-23 15:15:08.978 INFO (MainThread) [homeassistant.setup] Setup of domain image took 0.0 seconds
2022-10-23 15:15:08.984 INFO (MainThread) [homeassistant.setup] Setting up person
2022-10-23 15:15:08.997 INFO (MainThread) [homeassistant.setup] Setup of domain person took 0.0 seconds
2022-10-23 15:15:09.001 INFO (MainThread) [homeassistant.setup] Setting up onboarding
2022-10-23 15:15:09.007 INFO (MainThread) [homeassistant.setup] Setup of domain onboarding took 0.0 seconds
2022-10-23 15:15:09.029 INFO (SyncWorker_0) [homeassistant.loader] Loaded hassio from homeassistant.components.hassio
2022-10-23 15:15:09.032 INFO (SyncWorker_0) [homeassistant.loader] Loaded group from homeassistant.components.group
2022-10-23 15:15:09.044 INFO (SyncWorker_1) [homeassistant.loader] Loaded device_tracker from homeassistant.components.device_tracker
2022-10-23 15:15:09.050 INFO (SyncWorker_1) [homeassistant.loader] Loaded panel_custom from homeassistant.components.panel_custom
2022-10-23 15:15:09.057 INFO (MainThread) [homeassistant.setup] Setting up frontend
2022-10-23 15:15:09.064 INFO (MainThread) [homeassistant.setup] Setup of domain frontend took 0.0 seconds
2022-10-23 15:15:09.071 INFO (MainThread) [homeassistant.bootstrap] Setting up recorder: {'recorder'}
2022-10-23 15:15:09.075 INFO (MainThread) [homeassistant.setup] Setting up recorder
2022-10-23 15:15:09.085 WARNING (Recorder) [homeassistant.components.recorder.util] The system could not validate that the sqlite3 database at //workspaces/core-hass/config/home-assistant_v2.db was shutdown cleanly
2022-10-23 15:15:09.123 WARNING (Recorder) [homeassistant.components.recorder.util] Ended unfinished session (id=3 from 2022-10-23 15:13:48.182046)
2022-10-23 15:15:09.144 INFO (MainThread) [homeassistant.setup] Setup of domain recorder took 0.1 seconds
2022-10-23 15:15:09.144 INFO (MainThread) [asyncio] <Server sockets=(<asyncio.TransportSocket fd=12, family=AddressFamily.AF_INET, type=SocketKind.SOCK_STREAM, proto=6, laddr=('0.0.0.0', 8123)>, <asyncio.TransportSocket fd=13, family=AddressFamily.AF_INET6, type=SocketKind.SOCK_STREAM, proto=6, laddr=('::', 8123, 0, 0)>)> is serving
2022-10-23 15:15:09.145 INFO (MainThread) [homeassistant.components.http] Now listening on port 8123
2022-10-23 15:15:09.149 INFO (MainThread) [homeassistant.bootstrap] Setting up stage 1: {'cloud', 'ssdp', 'api', 'dhcp', 'webhook', 'usb', 'network', 'bluetooth', 'http', 'websocket_api', 'zeroconf'}
2022-10-23 15:15:09.165 INFO (MainThread) [homeassistant.setup] Setting up webhook
2022-10-23 15:15:09.167 INFO (MainThread) [homeassistant.setup] Setup of domain webhook took 0.0 seconds
2022-10-23 15:15:09.234 INFO (MainThread) [homeassistant.setup] Setting up dhcp
2022-10-23 15:15:09.235 INFO (MainThread) [homeassistant.setup] Setup of domain dhcp took 0.0 seconds
2022-10-23 15:15:09.258 INFO (MainThread) [homeassistant.setup] Setting up usb
2022-10-23 15:15:09.260 INFO (MainThread) [homeassistant.setup] Setup of domain usb took 0.0 seconds
2022-10-23 15:15:09.269 INFO (MainThread) [homeassistant.setup] Setting up network
2022-10-23 15:15:09.271 INFO (MainThread) [homeassistant.setup] Setup of domain network took 0.0 seconds
2022-10-23 15:15:09.276 INFO (SyncWorker_0) [homeassistant.loader] Loaded google_assistant from homeassistant.components.google_assistant
2022-10-23 15:15:09.278 INFO (SyncWorker_1) [homeassistant.loader] Loaded alexa from homeassistant.components.alexa
2022-10-23 15:15:09.291 INFO (SyncWorker_0) [homeassistant.loader] Loaded camera from homeassistant.components.camera
2022-10-23 15:15:09.374 INFO (MainThread) [homeassistant.setup] Setting up bluetooth
2022-10-23 15:15:09.380 INFO (MainThread) [homeassistant.setup] Setup of domain bluetooth took 0.0 seconds
2022-10-23 15:15:09.474 INFO (MainThread) [homeassistant.setup] Setting up zeroconf
2022-10-23 15:15:09.479 INFO (SyncWorker_1) [homeassistant.loader] Loaded media_player from homeassistant.components.media_player
2022-10-23 15:15:09.554 INFO (MainThread) [homeassistant.setup] Setting up ssdp
2022-10-23 15:15:09.557 INFO (MainThread) [homeassistant.setup] Setup of domain ssdp took 0.0 seconds
2022-10-23 15:15:09.561 INFO (MainThread) [homeassistant.setup] Setup of domain zeroconf took 0.1 seconds
2022-10-23 15:15:10.019 INFO (MainThread) [homeassistant.setup] Setting up cloud
2022-10-23 15:15:10.022 WARNING (MainThread) [asyncio] Executing <Task pending name='Task-277' coro=<_async_setup_component() running at /workspaces/core-hass/homeassistant/setup.py:235> wait_for=<Task pending name='Task-333' coro=<Store._async_load() running at /workspaces/core-hass/homeassistant/helpers/storage.py:118> cb=[<TaskWakeupMethWrapper object at 0x7f77b66f5f10>()] created at /workspaces/core-hass/homeassistant/core.py:505> cb=[<TaskWakeupMethWrapper object at 0x7f77dac44d00>()] created at /workspaces/core-hass/homeassistant/core.py:505> took 0.441 seconds
2022-10-23 15:15:10.052 INFO (MainThread) [homeassistant.setup] Setup of domain cloud took 0.0 seconds
2022-10-23 15:15:10.055 INFO (MainThread) [homeassistant.bootstrap] Setting up stage 2: {'image', 'repairs', 'homeassistant_alerts', 'input_boolean', 'sun', 'my', 'zone', 'input_button', 'scene', 'hardware', 'onboarding', 'config', 'schedule', 'input_datetime', 'lovelace', 'auth', 'sensor', 'trace', 'history', 'analytics', 'input_select', 'energy', 'file_upload', 'input_text', 'timer', 'automation', 'system_health', 'input_number', 'blueprint', 'device_automation', 'tts', 'default_config', 'media_source', 'person', 'mobile_app', 'search', 'counter', 'tag', 'diagnostics', 'map', 'application_credentials', 'script', 'logbook', 'met'}
2022-10-23 15:15:10.088 INFO (MainThread) [homeassistant.setup] Setting up homeassistant_alerts
2022-10-23 15:15:10.089 INFO (MainThread) [homeassistant.setup] Setup of domain homeassistant_alerts took 0.0 seconds
2022-10-23 15:15:10.090 INFO (MainThread) [homeassistant.setup] Setting up input_boolean
2022-10-23 15:15:10.094 INFO (MainThread) [homeassistant.setup] Setting up sun
2022-10-23 15:15:10.097 INFO (MainThread) [homeassistant.setup] Setup of domain sun took 0.0 seconds
2022-10-23 15:15:10.098 INFO (MainThread) [homeassistant.setup] Setting up my
2022-10-23 15:15:10.100 INFO (MainThread) [homeassistant.setup] Setup of domain my took 0.0 seconds
2022-10-23 15:15:10.101 INFO (MainThread) [homeassistant.setup] Setting up zone
2022-10-23 15:15:10.105 INFO (MainThread) [homeassistant.setup] Setting up input_button
2022-10-23 15:15:10.108 INFO (MainThread) [homeassistant.setup] Setting up scene
2022-10-23 15:15:10.110 INFO (MainThread) [homeassistant.components.scene] Setting up scene.homeassistant
2022-10-23 15:15:10.121 INFO (MainThread) [homeassistant.setup] Setting up schedule
2022-10-23 15:15:10.126 INFO (MainThread) [homeassistant.setup] Setting up input_datetime
2022-10-23 15:15:10.129 INFO (MainThread) [homeassistant.setup] Setting up trace
2022-10-23 15:15:10.130 INFO (SyncWorker_1) [homeassistant.loader] Loaded rest from homeassistant.components.rest
2022-10-23 15:15:10.132 INFO (MainThread) [homeassistant.setup] Setup of domain trace took 0.0 seconds
2022-10-23 15:15:10.137 INFO (MainThread) [homeassistant.setup] Setting up history
2022-10-23 15:15:10.138 INFO (MainThread) [homeassistant.setup] Setup of domain history took 0.0 seconds
2022-10-23 15:15:10.140 INFO (MainThread) [homeassistant.setup] Setting up input_select
2022-10-23 15:15:10.146 INFO (MainThread) [homeassistant.setup] Setting up input_text
2022-10-23 15:15:10.149 INFO (MainThread) [homeassistant.setup] Setting up timer
2022-10-23 15:15:10.153 INFO (MainThread) [homeassistant.setup] Setting up system_health
2022-10-23 15:15:10.168 INFO (MainThread) [homeassistant.setup] Setting up input_number
2022-10-23 15:15:10.172 INFO (MainThread) [homeassistant.setup] Setting up blueprint
2022-10-23 15:15:10.173 INFO (MainThread) [homeassistant.setup] Setup of domain blueprint took 0.0 seconds
2022-10-23 15:15:10.249 INFO (MainThread) [homeassistant.setup] Setting up media_source
2022-10-23 15:15:10.264 INFO (MainThread) [homeassistant.setup] Setting up counter
2022-10-23 15:15:10.268 INFO (MainThread) [homeassistant.setup] Setting up tag
2022-10-23 15:15:10.270 INFO (MainThread) [homeassistant.setup] Setting up map
2022-10-23 15:15:10.272 INFO (MainThread) [homeassistant.setup] Setup of domain map took 0.0 seconds
2022-10-23 15:15:10.276 INFO (MainThread) [homeassistant.setup] Setting up application_credentials
2022-10-23 15:15:10.293 INFO (MainThread) [homeassistant.setup] Setting up logbook
2022-10-23 15:15:10.362 INFO (MainThread) [homeassistant.setup] Setting up hardware
2022-10-23 15:15:10.407 INFO (MainThread) [homeassistant.setup] Setup of domain scene took 0.3 seconds
2022-10-23 15:15:10.415 INFO (MainThread) [homeassistant.setup] Setting up energy
2022-10-23 15:15:10.417 INFO (MainThread) [homeassistant.setup] Setup of domain energy took 0.0 seconds
2022-10-23 15:15:10.419 INFO (MainThread) [homeassistant.setup] Setup of domain system_health took 0.3 seconds
2022-10-23 15:15:10.424 INFO (MainThread) [homeassistant.setup] Setup of domain media_source took 0.2 seconds
2022-10-23 15:15:10.428 INFO (MainThread) [homeassistant.setup] Setting up script
2022-10-23 15:15:10.432 INFO (MainThread) [homeassistant.setup] Setup of domain logbook took 0.1 seconds
2022-10-23 15:15:10.443 INFO (MainThread) [homeassistant.setup] Setup of domain hardware took 0.1 seconds
2022-10-23 15:15:10.445 INFO (MainThread) [homeassistant.setup] Setting up automation
2022-10-23 15:15:10.455 INFO (MainThread) [homeassistant.setup] Setup of domain tag took 0.2 seconds
2022-10-23 15:15:10.499 INFO (MainThread) [homeassistant.setup] Setup of domain application_credentials took 0.2 seconds
2022-10-23 15:15:10.513 INFO (MainThread) [homeassistant.setup] Setup of domain timer took 0.4 seconds
2022-10-23 15:15:10.520 INFO (MainThread) [homeassistant.setup] Setup of domain counter took 0.3 seconds
2022-10-23 15:15:10.537 INFO (MainThread) [homeassistant.setup] Setting up met
2022-10-23 15:15:10.538 INFO (MainThread) [homeassistant.setup] Setup of domain met took 0.0 seconds
2022-10-23 15:15:10.562 INFO (SyncWorker_0) [homeassistant.loader] Loaded google_translate from homeassistant.components.google_translate
2022-10-23 15:15:10.568 INFO (MainThread) [homeassistant.setup] Setup of domain script took 0.1 seconds
2022-10-23 15:15:10.582 INFO (MainThread) [homeassistant.setup] Setup of domain automation took 0.1 seconds
2022-10-23 15:15:10.589 INFO (MainThread) [homeassistant.setup] Setup of domain zone took 0.5 seconds
2022-10-23 15:15:10.593 INFO (MainThread) [homeassistant.setup] Setup of domain input_button took 0.5 seconds
2022-10-23 15:15:10.602 INFO (MainThread) [homeassistant.setup] Setup of domain schedule took 0.5 seconds
2022-10-23 15:15:10.605 INFO (MainThread) [homeassistant.setup] Setup of domain input_datetime took 0.5 seconds
2022-10-23 15:15:10.994 INFO (MainThread) [homeassistant.setup] Setting up sensor
2022-10-23 15:15:10.996 INFO (MainThread) [homeassistant.setup] Setup of domain sensor took 0.0 seconds
2022-10-23 15:15:10.996 WARNING (MainThread) [asyncio] Executing <Task pending name='Task-392' coro=<_async_setup_component() running at /workspaces/core-hass/homeassistant/setup.py:265> cb=[<TaskWakeupMethWrapper object at 0x7f77b662b850>(), <TaskWakeupMethWrapper object at 0x7f77b66cac40>()] created at /workspaces/core-hass/homeassistant/core.py:505> took 0.376 seconds
2022-10-23 15:15:11.027 INFO (MainThread) [homeassistant.setup] Setup of domain input_boolean took 0.9 seconds
2022-10-23 15:15:11.033 INFO (MainThread) [homeassistant.setup] Setup of domain input_select took 0.9 seconds
2022-10-23 15:15:11.039 INFO (MainThread) [homeassistant.setup] Setting up rest
2022-10-23 15:15:11.040 INFO (MainThread) [homeassistant.setup] Setup of domain rest took 0.0 seconds
2022-10-23 15:15:11.047 INFO (MainThread) [homeassistant.setup] Setup of domain input_text took 0.9 seconds
2022-10-23 15:15:11.052 INFO (MainThread) [homeassistant.setup] Setup of domain input_number took 0.9 seconds
2022-10-23 15:15:11.073 INFO (SyncWorker_0) [homeassistant.loader] Loaded notify from homeassistant.components.notify
2022-10-23 15:15:11.079 INFO (MainThread) [homeassistant.components.sensor] Setting up sensor.rest
2022-10-23 15:15:11.081 INFO (MainThread) [homeassistant.components.sensor] Setting up sensor.rest
2022-10-23 15:15:11.086 INFO (MainThread) [homeassistant.components.sensor] Setting up sensor.energy
2022-10-23 15:15:11.143 INFO (MainThread) [homeassistant.setup] Setting up tts
2022-10-23 15:15:11.171 INFO (MainThread) [homeassistant.setup] Setting up mobile_app
2022-10-23 15:15:11.190 INFO (MainThread) [homeassistant.setup] Setup of domain mobile_app took 0.0 seconds
2022-10-23 15:15:11.193 INFO (MainThread) [homeassistant.setup] Setting up notify
2022-10-23 15:15:11.194 INFO (MainThread) [homeassistant.setup] Setup of domain notify took 0.0 seconds
2022-10-23 15:15:11.197 INFO (MainThread) [homeassistant.setup] Setup of domain tts took 0.1 seconds
2022-10-23 15:15:11.267 INFO (MainThread) [homeassistant.setup] Setting up default_config
2022-10-23 15:15:11.276 INFO (SyncWorker_0) [homeassistant.loader] Loaded backup from homeassistant.components.backup
2022-10-23 15:15:11.285 INFO (MainThread) [homeassistant.components.notify] Setting up notify.mobile_app
2022-10-23 15:15:11.308 INFO (MainThread) [homeassistant.setup] Setting up backup
2022-10-23 15:15:11.311 INFO (MainThread) [homeassistant.setup] Setup of domain backup took 0.0 seconds
2022-10-23 15:15:11.438 WARNING (MainThread) [asyncio] Executing <Task pending name='Task-675' coro=<ConfigEntry.async_setup() running at /workspaces/core-hass/homeassistant/config_entries.py:365> wait_for=<_GatheringFuture pending cb=[<TaskWakeupMethWrapper object at 0x7f77af6cb250>()] created at /usr/local/lib/python3.9/asyncio/tasks.py:702> cb=[_gather.<locals>._done_callback() at /usr/local/lib/python3.9/asyncio/tasks.py:767] created at /usr/local/lib/python3.9/asyncio/tasks.py:829> took 0.122 seconds
2022-10-23 15:15:11.442 INFO (SyncWorker_0) [homeassistant.loader] Loaded stream from homeassistant.components.stream
2022-10-23 15:15:11.446 INFO (SyncWorker_1) [homeassistant.loader] Loaded weather from homeassistant.components.weather
2022-10-23 15:15:11.454 INFO (MainThread) [homeassistant.setup] Setting up weather
2022-10-23 15:15:11.454 INFO (MainThread) [homeassistant.setup] Setup of domain weather took 0.0 seconds
2022-10-23 15:15:11.464 INFO (MainThread) [homeassistant.components.weather] Setting up weather.met
2022-10-23 15:15:11.471 INFO (MainThread) [homeassistant.setup] Setting up stream
2022-10-23 15:15:11.477 INFO (MainThread) [homeassistant.setup] Setup of domain stream took 0.0 seconds
2022-10-23 15:15:11.494 INFO (MainThread) [homeassistant.setup] Setup of domain default_config took 0.2 seconds
2022-10-23 15:15:11.629 INFO (MainThread) [homeassistant.bootstrap] Home Assistant initialized in 3.87s
2022-10-23 15:15:11.630 INFO (MainThread) [homeassistant.core] Starting Home Assistant
2022-10-23 15:15:11.669 INFO (MainThread) [homeassistant.components.zeroconf] Starting Zeroconf broadcast
2022-10-23 15:16:12.758 WARNING (MainThread) [asyncio] Executing <TimerHandle when=2855.212453814 _ServiceBrowserBase._async_send_ready_queries_schedule_next() created at /home/vscode/.local/lib/python3.9/site-packages/zeroconf/_services/browser.py:480> took 0.121 seconds
2022-10-23 15:30:11.899 INFO (MainThread) [homeassistant.components.analytics] Submitted analytics to Home Assistant servers. Information submitted includes {'uuid': '07702bbd34e741e18a38f4f4b6096b74', 'version': '2022.10.0.dev0', 'installation_type': 'Unsupported Third Party Container', 'certificate': False, 'integrations': ['repairs', 'homeassistant_alerts', 'input_boolean', 'image', 'api', 'dhcp', 'sun', 'system_log', 'my', 'zone', 'usb', 'input_button', 'hardware', 'scene', 'zeroconf', 'onboarding', 'config', 'schedule', 'stream', 'input_datetime', 'logger', 'lovelace', 'auth', 'weather', 'trace', 'analytics', 'history', 'sensor', 'input_select', 'energy', 'file_upload', 'recorder', 'input_text', 'persistent_notification', 'rest', 'timer', 'cloud', 'ssdp', 'frontend', 'system_health', 'automation', 'input_number', 'blueprint', 'network', 'device_automation', 'tts', 'bluetooth', 'http', 'media_source', 'default_config', 'person', 'homeassistant', 'mobile_app', 'search', 'backup', 'tag', 'counter', 'diagnostics', 'map', 'webhook', 'application_credentials', 'google_translate', 'script', 'logbook', 'notify', 'websocket_api', 'met'], 'custom_integrations': [], 'energy': {'configured': False}, 'state_count': 6, 'automation_count': 0, 'integration_count': 67, 'user_count': 1}
